0 info it worked if it ends with ok
1 verbose cli [ '/usr/local/bin/node',
1 verbose cli   '/Users/kevindiem/.node/bin/npm',
1 verbose cli   'start' ]
2 info using npm@3.4.0
3 info using node@v4.2.2
4 verbose run-script [ 'prestart', 'start', 'poststart' ]
5 info lifecycle leverage@0.0.1~prestart: leverage@0.0.1
6 silly lifecycle leverage@0.0.1~prestart: no script for prestart, continuing
7 info lifecycle leverage@0.0.1~start: leverage@0.0.1
8 verbose lifecycle leverage@0.0.1~start: unsafe-perm in lifecycle true
9 verbose lifecycle leverage@0.0.1~start: PATH: /Users/kevindiem/.node/lib/node_modules/npm/bin/node-gyp-bin:/Users/kevindiem/api/node_modules/.bin:/Users/kevindiem/google-cloud-sdk/bin:~/.composer/vendor/bin:/Users/kevindiem/nikto-2.1.5:/usr/local/mysql/bin:/Users/kevindiem/.node/bin:/usr/local/php5/bin:/Users/kevindiem/.rvm/gems/ruby-2.2.1/bin:/Users/kevindiem/.rvm/gems/ruby-2.2.1@global/bin:/Users/kevindiem/.rvm/rubies/ruby-2.2.1/bin:/usr/local/bin:/usr/bin:/bin:/usr/sbin:/sbin:/Users/kevindiem/.rvm/bin
10 verbose lifecycle leverage@0.0.1~start: CWD: /Users/kevindiem/api
11 silly lifecycle leverage@0.0.1~start: Args: [ '-c', 'node app.js' ]
12 silly lifecycle leverage@0.0.1~start: Returned: code: 1  signal: null
13 info lifecycle leverage@0.0.1~start: Failed to exec start script
14 verbose stack Error: leverage@0.0.1 start: `node app.js`
14 verbose stack Exit status 1
14 verbose stack     at EventEmitter.<anonymous> (/Users/kevindiem/.node/lib/node_modules/npm/lib/utils/lifecycle.js:232:16)
14 verbose stack     at emitTwo (events.js:87:13)
14 verbose stack     at EventEmitter.emit (events.js:172:7)
14 verbose stack     at ChildProcess.<anonymous> (/Users/kevindiem/.node/lib/node_modules/npm/lib/utils/spawn.js:24:14)
14 verbose stack     at emitTwo (events.js:87:13)
14 verbose stack     at ChildProcess.emit (events.js:172:7)
14 verbose stack     at maybeClose (internal/child_process.js:818:16)
14 verbose stack     at Process.ChildProcess._handle.onexit (internal/child_process.js:211:5)
15 verbose pkgid leverage@0.0.1
16 verbose cwd /Users/kevindiem/api
17 error Darwin 15.4.0
18 error argv "/usr/local/bin/node" "/Users/kevindiem/.node/bin/npm" "start"
19 error node v4.2.2
20 error npm  v3.4.0
21 error code ELIFECYCLE
22 error leverage@0.0.1 start: `node app.js`
22 error Exit status 1
23 error Failed at the leverage@0.0.1 start script 'node app.js'.
23 error Make sure you have the latest version of node.js and npm installed.
23 error If you do, this is most likely a problem with the leverage package,
23 error not with npm itself.
23 error Tell the author that this fails on your system:
23 error     node app.js
23 error You can get their info via:
23 error     npm owner ls leverage
23 error There is likely additional logging output above.
24 verbose exit [ 1, true ]
